TN:
SF:src/routes.tsx
FN:8,(anonymous_0)
FNF:1
FNH:0
FNDA:0,(anonymous_0)
DA:6,0
DA:8,0
DA:9,0
LF:3
LH:0
BRF:0
BRH:0
end_of_record
TN:
SF:src/components/DetailWeather/index.tsx
FN:9,(anonymous_0)
FNF:1
FNH:1
FNDA:1,(anonymous_0)
DA:9,2
DA:10,1
LF:2
LH:2
BRF:0
BRH:0
end_of_record
TN:
SF:src/components/ErrorLocation/index.tsx
FN:9,(anonymous_0)
FNF:1
FNH:1
FNDA:1,(anonymous_0)
DA:9,2
DA:10,1
LF:2
LH:2
BRF:0
BRH:0
end_of_record
TN:
SF:src/screens/Main/index.tsx
FN:46,(anonymous_0)
FN:54,(anonymous_1)
FN:60,(anonymous_2)
FN:67,(anonymous_3)
FN:80,(anonymous_4)
FN:84,(anonymous_5)
FN:91,(anonymous_6)
FN:104,(anonymous_7)
FN:110,(anonymous_8)
FN:111,(anonymous_9)
FN:140,defineBackground
FN:197,(anonymous_11)
FN:201,(anonymous_12)
FNF:13
FNH:3
FNDA:1,(anonymous_0)
FNDA:0,(anonymous_1)
FNDA:0,(anonymous_2)
FNDA:0,(anonymous_3)
FNDA:0,(anonymous_4)
FNDA:0,(anonymous_5)
FNDA:0,(anonymous_6)
FNDA:0,(anonymous_7)
FNDA:1,(anonymous_8)
FNDA:1,(anonymous_9)
FNDA:0,defineBackground
FNDA:0,(anonymous_11)
FNDA:0,(anonymous_12)
DA:46,1
DA:47,1
DA:48,1
DA:49,1
DA:50,1
DA:51,1
DA:52,1
DA:54,1
DA:55,0
DA:56,0
DA:61,0
DA:62,0
DA:63,0
DA:64,0
DA:65,0
DA:68,0
DA:76,0
DA:80,1
DA:81,0
DA:82,0
DA:85,0
DA:86,0
DA:87,0
DA:88,0
DA:89,0
DA:92,0
DA:100,0
DA:104,1
DA:105,0
DA:106,0
DA:110,1
DA:111,1
DA:112,1
DA:114,0
DA:115,0
DA:117,0
DA:118,0
DA:119,0
DA:120,0
DA:121,0
DA:122,0
DA:124,0
DA:130,0
DA:131,0
DA:134,0
DA:135,0
DA:141,0
DA:144,0
DA:145,0
DA:148,0
DA:149,0
DA:156,0
DA:157,0
DA:162,0
DA:163,0
DA:168,0
DA:169,0
DA:173,1
DA:197,0
DA:201,0
LF:60
LH:14
BRDA:105,0,0,0
BRDA:105,0,1,0
BRDA:114,1,0,0
BRDA:114,1,1,0
BRDA:117,2,0,0
BRDA:117,2,1,0
BRDA:141,3,0,0
BRDA:141,3,1,0
BRDA:141,3,2,0
BRDA:141,3,3,0
BRDA:141,3,4,0
BRDA:141,3,5,0
BRDA:141,3,6,0
BRDA:141,3,7,0
BRDA:141,3,8,0
BRDA:141,3,9,0
BRDA:141,3,10,0
BRDA:141,3,11,0
BRDA:141,3,12,0
BRDA:141,3,13,0
BRDA:141,3,14,0
BRDA:141,3,15,0
BRDA:141,3,16,0
BRDA:141,3,17,0
BRDA:176,4,0,1
BRDA:176,4,1,0
BRDA:183,5,0,1
BRDA:183,5,1,1
BRDA:184,6,0,1
BRDA:184,6,1,0
BRDA:187,7,0,0
BRDA:187,7,1,0
BRF:32
BRH:4
end_of_record
